{
  "0 debug pnpm:scope": {
    "selected": 1
  },
  "1 info pnpm": {
    "err": {
      "name": "Error",
      "message": "not found: watch",
      "code": "ENOENT",
      "stack": "Error: not found: watch\n    at getNotFoundError (C:\\Users\\joshh\\AppData\\Roaming\\npm\\node_modules\\pnpm\\dist\\pnpm.cjs:48048:51)\n    at Function.whichSync [as sync] (C:\\Users\\joshh\\AppData\\Roaming\\npm\\node_modules\\pnpm\\dist\\pnpm.cjs:48125:13)\n    at getCommandAbsolutePathSync (C:\\Users\\joshh\\AppData\\Roaming\\npm\\node_modules\\pnpm\\dist\\pnpm.cjs:49690:44)\n    at Object.default_1 [as default] (C:\\Users\\joshh\\AppData\\Roaming\\npm\\node_modules\\pnpm\\dist\\pnpm.cjs:49699:32)\n    at C:\\Users\\joshh\\AppData\\Roaming\\npm\\node_modules\\pnpm\\dist\\pnpm.cjs:130000:34"
    }
  },
  "2 error pnpm": {
    "code": "ERR_PNPM_RECURSIVE_EXEC_FIRST_FAIL",
    "prefix": "G:\\Git\\replay",
    "err": {
      "name": "pnpm",
      "message": "not found: watch",
      "code": "ERR_PNPM_RECURSIVE_EXEC_FIRST_FAIL",
      "stack": "Error: not found: watch\n    at getNotFoundError (C:\\Users\\joshh\\AppData\\Roaming\\npm\\node_modules\\pnpm\\dist\\pnpm.cjs:48048:51)\n    at Function.whichSync [as sync] (C:\\Users\\joshh\\AppData\\Roaming\\npm\\node_modules\\pnpm\\dist\\pnpm.cjs:48125:13)\n    at getCommandAbsolutePathSync (C:\\Users\\joshh\\AppData\\Roaming\\npm\\node_modules\\pnpm\\dist\\pnpm.cjs:49690:44)\n    at Object.default_1 [as default] (C:\\Users\\joshh\\AppData\\Roaming\\npm\\node_modules\\pnpm\\dist\\pnpm.cjs:49699:32)\n    at C:\\Users\\joshh\\AppData\\Roaming\\npm\\node_modules\\pnpm\\dist\\pnpm.cjs:130000:34"
    }
  }
}